action: GLOB, msg: packaging
cwd: /app/redis_video_capture
cmd: /usr/bin/python3 setup.py sdist --formats=zip --dist-dir .tox/dist
running sdist
running egg_info
writing perfectVideoCapture.egg-info/PKG-INFO
writing dependency_links to perfectVideoCapture.egg-info/dependency_links.txt
writing entry points to perfectVideoCapture.egg-info/entry_points.txt
writing top-level names to perfectVideoCapture.egg-info/top_level.txt
reading manifest file 'perfectVideoCapture.egg-info/SOURCES.txt'
writing manifest file 'perfectVideoCapture.egg-info/SOURCES.txt'
running check
creating perfectVideoCapture-0.1.1rc0
creating perfectVideoCapture-0.1.1rc0/perfectVideoCapture.egg-info
creating perfectVideoCapture-0.1.1rc0/videoio
copying files to perfectVideoCapture-0.1.1rc0...
copying README.md -> perfectVideoCapture-0.1.1rc0
copying setup.cfg -> perfectVideoCapture-0.1.1rc0
copying setup.py -> perfectVideoCapture-0.1.1rc0
copying perfectVideoCapture.egg-info/PKG-INFO -> perfectVideoCapture-0.1.1rc0/perfectVideoCapture.egg-info
copying perfectVideoCapture.egg-info/SOURCES.txt -> perfectVideoCapture-0.1.1rc0/perfectVideoCapture.egg-info
copying perfectVideoCapture.egg-info/dependency_links.txt -> perfectVideoCapture-0.1.1rc0/perfectVideoCapture.egg-info
copying perfectVideoCapture.egg-info/entry_points.txt -> perfectVideoCapture-0.1.1rc0/perfectVideoCapture.egg-info
copying perfectVideoCapture.egg-info/top_level.txt -> perfectVideoCapture-0.1.1rc0/perfectVideoCapture.egg-info
copying videoio/__init__.py -> perfectVideoCapture-0.1.1rc0/videoio
copying videoio/demo.py -> perfectVideoCapture-0.1.1rc0/videoio
copying videoio/videoio.py -> perfectVideoCapture-0.1.1rc0/videoio
Writing perfectVideoCapture-0.1.1rc0/setup.cfg
creating '.tox/dist/perfectVideoCapture-0.1.1rc0.zip' and adding 'perfectVideoCapture-0.1.1rc0' to it
adding 'perfectVideoCapture-0.1.1rc0'
adding 'perfectVideoCapture-0.1.1rc0/perfectVideoCapture.egg-info'
adding 'perfectVideoCapture-0.1.1rc0/videoio'
adding 'perfectVideoCapture-0.1.1rc0/README.md'
adding 'perfectVideoCapture-0.1.1rc0/PKG-INFO'
adding 'perfectVideoCapture-0.1.1rc0/setup.cfg'
adding 'perfectVideoCapture-0.1.1rc0/setup.py'
adding 'perfectVideoCapture-0.1.1rc0/perfectVideoCapture.egg-info/PKG-INFO'
adding 'perfectVideoCapture-0.1.1rc0/perfectVideoCapture.egg-info/entry_points.txt'
adding 'perfectVideoCapture-0.1.1rc0/perfectVideoCapture.egg-info/SOURCES.txt'
adding 'perfectVideoCapture-0.1.1rc0/perfectVideoCapture.egg-info/top_level.txt'
adding 'perfectVideoCapture-0.1.1rc0/perfectVideoCapture.egg-info/dependency_links.txt'
adding 'perfectVideoCapture-0.1.1rc0/videoio/__init__.py'
adding 'perfectVideoCapture-0.1.1rc0/videoio/demo.py'
adding 'perfectVideoCapture-0.1.1rc0/videoio/videoio.py'
removing 'perfectVideoCapture-0.1.1rc0' (and everything under it)
/usr/local/lib/python3.8/dist-packages/setuptools/dist.py:531: UserWarning: Normalizing '0.1.1rc' to '0.1.1rc0'
  warnings.warn(tmpl.format(**locals()))
